<?xml version="1.0" encoding="UTF-8" standalone="yes"?><!DOCTYPE report PUBLIC "-//JACOCO//DTD Report 1.1//EN" "report.dtd"><report name="Docs Core"><sessioninfo id="Dupreeh-5de04cbe" start="1744775771162" dump="1744775804681"/><sessioninfo id="Dupreeh-91ea5802" start="1744775809193" dump="1744775849700"/><sessioninfo id="Dupreeh-805340f8" start="1744775855119" dump="1744775875469"/><sessioninfo id="Dupreeh-1831e890" start="1744775882697" dump="1744775884515"/><sessioninfo id="Dupreeh-5849bf05" start="1744775885242" dump="1744775916058"/><sessioninfo id="Dupreeh-bc9f3ece" start="1744775923879" dump="1744775966777"/><sessioninfo id="Dupreeh-ee0abb47" start="1744775975756" dump="1744775969589"/><sessioninfo id="Dupreeh-5ccd2a9e" start="1744775970030" dump="1744775971163"/><sessioninfo id="Dupreeh-62b49609" start="1744775971637" dump="1744775972773"/><sessioninfo id="Dupreeh-4a761206" start="1744775972665" dump="1744775973560"/><sessioninfo id="Dupreeh-5361e817" start="1744775974051" dump="1744775975271"/><sessioninfo id="Dupreeh-1f48db96" start="1744776118413" dump="1744776141815"/><sessioninfo id="Dupreeh-2e5171b" start="1744776146718" dump="1744776168041"/><sessioninfo id="Dupreeh-3271ff44" start="1744776172763" dump="1744776194423"/><sessioninfo id="Dupreeh-6a1bfa69" start="1744776201940" dump="1744776203903"/><sessioninfo id="Dupreeh-ec708e0" start="1744776204548" dump="1744776303937"/><sessioninfo id="Dupreeh-d9a9a2e2" start="1744776311450" dump="1744776346476"/><sessioninfo id="Dupreeh-677d876d" start="1744776352010" dump="1744776352863"/><sessioninfo id="Dupreeh-596e4c5d" start="1744776353285" dump="1744776354316"/><sessioninfo id="Dupreeh-23524d93" start="1744776354753" dump="1744776355823"/><sessioninfo id="Dupreeh-32f25d5a" start="1744776356320" dump="1744776357328"/><sessioninfo id="Dupreeh-17b31360" start="1744776357739" dump="1744776358643"/><sessioninfo id="Dupreeh-7870148" start="1744776686611" dump="1744776716244"/><sessioninfo id="Dupreeh-c3c03ac8" start="1744776723508" dump="1744776751234"/><sessioninfo id="Dupreeh-11af768c" start="1744776758191" dump="1744776783853"/><sessioninfo id="Dupreeh-aaafd151" start="1744776791237" dump="1744776793944"/><sessioninfo id="Dupreeh-e1297485" start="1744776794658" dump="1744776897158"/><sessioninfo id="Dupreeh-93f0f0a0" start="1744776904812" dump="1744776941872"/><sessioninfo id="Dupreeh-d9daec2f" start="1744776947640" dump="1744776948895"/><sessioninfo id="Dupreeh-c7307031" start="1744776944007" dump="1744776953185"/><sessioninfo id="Dupreeh-d4e6e437" start="1744776954006" dump="1744776955548"/><sessioninfo id="Dupreeh-77f03043" start="1744776956090" dump="1744776957358"/><sessioninfo id="Dupreeh-aa256eeb" start="1744776957836" dump="1744776959007"/><sessioninfo id="Dupreeh-f96ed346" start="1744777792160" dump="1744777818802"/><sessioninfo id="Dupreeh-b16860dc" start="1744777823266" dump="1744777843690"/><sessioninfo id="Dupreeh-d90c26b6" start="1744777843515" dump="1744777873371"/><sessioninfo id="Dupreeh-340739f" start="1744777877989" dump="1744777904850"/><sessioninfo id="Dupreeh-a716777a" start="1744777909244" dump="1744777911454"/><sessioninfo id="Dupreeh-7dac5abc" start="1744777912078" dump="1744777965231"/><sessioninfo id="Dupreeh-ae242ce9" start="1744777972797" dump="1744778009932"/><sessioninfo id="Dupreeh-c5d507d0" start="1744778019221" dump="1744778020239"/><sessioninfo id="Dupreeh-20292137" start="1744778020746" dump="1744778021942"/><sessioninfo id="Dupreeh-16da30f5" start="1744778022391" dump="1744778023664"/><sessioninfo id="Dupreeh-60925a1a" start="1744778024186" dump="1744778025450"/><sessioninfo id="Dupreeh-b895921a" start="1744778025941" dump="1744778026985"/></report>